0 verbose cli /opt/conda/bin/node /opt/conda/bin/npm
1 info using npm@9.5.0
2 info using node@v18.15.0
3 timing npm:load:whichnode Completed in 2ms
4 timing config:load:defaults Completed in 2ms
5 timing config:load:file:/opt/conda/lib/node_modules/npm/npmrc Completed in 0ms
6 timing config:load:builtin Completed in 0ms
7 timing config:load:cli Completed in 3ms
8 timing config:load:env Completed in 0ms
9 timing config:load:project Completed in 1ms
10 timing config:load:file:/home/jovyan/.npmrc Completed in 1ms
11 timing config:load:user Completed in 1ms
12 timing config:load:file:/opt/conda/etc/npmrc Completed in 0ms
13 timing config:load:global Completed in 0ms
14 timing config:load:setEnvs Completed in 1ms
15 timing config:load Completed in 8ms
16 timing npm:load:configload Completed in 9ms
17 timing npm:load:mkdirpcache Completed in 0ms
18 timing npm:load:mkdirplogs Completed in 41ms
19 verbose title npm prefix
20 verbose argv "prefix" "--global"
21 timing npm:load:setTitle Completed in 5ms
22 timing config:load:flatten Completed in 10ms
23 timing npm:load:display Completed in 13ms
24 verbose logfile logs-max:10 dir:/home/jovyan/.npm/_logs/2023-06-27T06_01_09_276Z-
25 verbose logfile /home/jovyan/.npm/_logs/2023-06-27T06_01_09_276Z-debug-0.log
26 timing npm:load:logFile Completed in 15ms
27 timing npm:load:timers Completed in 0ms
28 timing npm:load:configScope Completed in 0ms
29 timing npm:load Completed in 85ms
30 timing command:prefix Completed in 5ms
31 verbose exit 0
32 timing npm Completed in 180ms
33 info ok
